2026-07-12T13:28:07.189+0300 [DEBUG] turborepo_lib::commands::run: Verbose tracing redirected to C:\Users\matve\OneDrive\Рабочий стол\Memories\.turbo\debug-logs\turbo-20260712-132807.log
2026-07-12T13:28:07.190+0300 [DEBUG] turborepo_process: spawning children with pty: false
2026-07-12T13:28:07.191+0300 [DEBUG] turborepo_repository::discovery: discovering packages using caching strategy
2026-07-12T13:28:07.191+0300 [DEBUG] turborepo_repository::discovery: discovering packages using primary strategy
2026-07-12T13:28:07.191+0300 [DEBUG] turborepo_repository::discovery: discovering packages using local strategy
2026-07-12T13:28:07.204+0300 [DEBUG] turborepo_repository::discovery: discovering packages using caching strategy
2026-07-12T13:28:07.204+0300 [DEBUG] turborepo_repository::discovery: discovering packages using caching strategy
2026-07-12T13:28:07.205+0300 [DEBUG] turborepo_repository::discovery: discovering packages using caching strategy
2026-07-12T13:28:07.205+0300 [DEBUG] turborepo_lockfiles::bun::resolve: Found matching version 26.1.1 for @types/node (spec: =26.1.1) in nested entry bun-types/@types/node
2026-07-12T13:28:07.205+0300 [DEBUG] turborepo_lockfiles::bun::resolve: Found matching version 8.3.0 for undici-types (spec: =8.3.0) in nested entry bun-types/@types/node/undici-types
2026-07-12T13:28:07.252+0300 [DEBUG] turborepo_scm: failed to find .git folder for path C:\Users\matve\OneDrive\Рабочий стол\Memories: Git error: git rev-parse --show-cdup error: fatal: not a git repository (or any of the parent directories): .git
, continuing with manual hashing
2026-07-12T13:28:07.252+0300 [DEBUG] turborepo_lib::microfrontends: MicrofrontendsConfigs::from_disk - loading configurations
2026-07-12T13:28:07.252+0300 [DEBUG] turborepo_lib::microfrontends: from_disk - any package has @vercel/microfrontends dep: false
2026-07-12T13:28:07.253+0300 [DEBUG] turborepo_lib::microfrontends: from_disk - package: api, has @vercel/microfrontends dep: false
2026-07-12T13:28:07.253+0300 [DEBUG] turborepo_lib::microfrontends: from_disk - package: miniapp, has @vercel/microfrontends dep: false
2026-07-12T13:28:07.253+0300 [DEBUG] turborepo_lib::microfrontends: from_disk - package: //, has @vercel/microfrontends dep: false
2026-07-12T13:28:07.253+0300 [DEBUG] turborepo_lib::microfrontends: from_disk - loaded 3 package configs
2026-07-12T13:28:07.253+0300 [DEBUG] turborepo_lib::microfrontends: from_configs - processing configurations
2026-07-12T13:28:07.253+0300 [DEBUG] turborepo_lib::microfrontends: from_configs - result: 0 configs, mfe_package=None, has_mfe_dependency=false
2026-07-12T13:28:07.253+0300 [DEBUG] turborepo_lib::microfrontends: from_configs - no configs found, returning None
2026-07-12T13:28:07.253+0300 [DEBUG] turborepo_cache::multiplexer: CacheMultiplexer::new creating FSCache with cache_dir=C:\Users\matve\AppData\Local\Temp\cursor-sandbox-cache\f39e5b1857cee088ab62eaf6b2588282\turbo, repo_root=C:\Users\matve\OneDrive\Рабочий стол\Memories
2026-07-12T13:28:07.253+0300 [DEBUG] turborepo_cache::fs: FSCache::new called with cache_dir=C:\Users\matve\AppData\Local\Temp\cursor-sandbox-cache\f39e5b1857cee088ab62eaf6b2588282\turbo, repo_root=C:\Users\matve\OneDrive\Рабочий стол\Memories
2026-07-12T13:28:07.253+0300 [DEBUG] turborepo_cache::fs: FSCache resolved cache_directory=C:\Users\matve\AppData\Local\Temp\cursor-sandbox-cache\f39e5b1857cee088ab62eaf6b2588282\turbo
2026-07-12T13:28:07.254+0300 [DEBUG] turborepo_turbo_json::loader: path: C:\Users\matve\OneDrive\Рабочий стол\Memories\apps\miniapp, turbo_json: Ok(None), turbo_jsonc: Ok(None)
2026-07-12T13:28:07.254+0300 [DEBUG] turborepo_turbo_json::loader: path: C:\Users\matve\OneDrive\Рабочий стол\Memories\apps\api, turbo_json: Ok(None), turbo_jsonc: Ok(None)
2026-07-12T13:28:07.255+0300 [DEBUG] turborepo_turbo_json::loader: path: C:\Users\matve\OneDrive\Рабочий стол\Memories\apps\miniapp, turbo_json: Ok(None), turbo_jsonc: Ok(None)
2026-07-12T13:28:07.255+0300 [DEBUG] turborepo_turbo_json::loader: path: C:\Users\matve\OneDrive\Рабочий стол\Memories\apps\api, turbo_json: Ok(None), turbo_jsonc: Ok(None)
2026-07-12T13:28:07.255+0300 [DEBUG] turborepo_turbo_json::loader: path: C:\Users\matve\OneDrive\Рабочий стол\Memories\apps\miniapp, turbo_json: Ok(None), turbo_jsonc: Ok(None)
2026-07-12T13:28:07.255+0300 [DEBUG] turborepo_turbo_json::loader: path: C:\Users\matve\OneDrive\Рабочий стол\Memories\apps\api, turbo_json: Ok(None), turbo_jsonc: Ok(None)
2026-07-12T13:28:07.256+0300 [DEBUG] turborepo_lib::run::task_access: TASK ACCESS TRACE: unable to restore config from cache
